<?xml version="1.0" encoding="UTF-8"?>
<testsuite xmlns:xsi="http://www.w3.org/2001/XMLSchema-instance" xsi:noNamespaceSchemaLocation="https://maven.apache.org/surefire/maven-surefire-plugin/xsd/surefire-test-report-3.0.xsd" version="3.0" name="ApiTest" time="6.784" tests="6" skipped="0" failures="0" errors="0">
  <properties>
[...]
</properties>
  <testcase name="testGetPostById" classname="ApiTest" time="1.933"/>
  <testcase name="testGetAllPosts" classname="ApiTest" time="0.39"/>
  <testcase name="testUpdatePost" classname="ApiTest" time="1.193"/>
  <testcase name="testCreatePost" classname="ApiTest" time="1.066"/>
  <testcase name="testDeletePost" classname="ApiTest" time="0.831"/>
  <testcase name="testInvalidPostReturns404" classname="ApiTest" time="1.042"/>
</testsuite>